[debug] [2024-04-10T07:09:32.071Z] ----------------------------------------------------------------------
[debug] [2024-04-10T07:09:32.072Z] Command:       C:\Program Files\nodejs\node.exe C:\Users\Tomzero_PC\AppData\Roaming\npm\node_modules\firebase-tools\lib\bin\firebase.js init
[debug] [2024-04-10T07:09:32.073Z] CLI Version:   13.7.1
[debug] [2024-04-10T07:09:32.073Z] Platform:      win32
[debug] [2024-04-10T07:09:32.073Z] Node Version:  v18.17.1
[debug] [2024-04-10T07:09:32.074Z] Time:          Wed Apr 10 2024 14:09:32 GMT+0700 (เวลาอินโดจีน)
[debug] [2024-04-10T07:09:32.074Z] ----------------------------------------------------------------------
[debug] 
[debug] [2024-04-10T07:09:32.077Z] >>> [apiv2][query] GET https://firebase-public.firebaseio.com/cli.json [none]
[debug] [2024-04-10T07:09:32.117Z] > command requires scopes: ["email","openid","https://www.googleapis.com/auth/cloudplatformprojects.readonly","https://www.googleapis.com/auth/firebase","https://www.googleapis.com/auth/cloud-platform"]
[debug] [2024-04-10T07:09:32.117Z] > authorizing via signed-in user (thattapong153@gmail.com)
[info] 
     ######## #### ########  ######## ########     ###     ######  ########
     ##        ##  ##     ## ##       ##     ##  ##   ##  ##       ##
     ######    ##  ########  ######   ########  #########  ######  ######
     ##        ##  ##    ##  ##       ##     ## ##     ##       ## ##
     ##       #### ##     ## ######## ########  ##     ##  ######  ########

You're about to initialize a Firebase project in this directory:

  E:\Git\Portfolio

[debug] [2024-04-10T07:09:33.818Z] <<< [apiv2][status] GET https://firebase-public.firebaseio.com/cli.json 200
[debug] [2024-04-10T07:09:33.819Z] <<< [apiv2][body] GET https://firebase-public.firebaseio.com/cli.json {"cloudBuildErrorAfter":1594252800000,"cloudBuildWarnAfter":1590019200000,"defaultNode10After":1594252800000,"minVersion":"3.0.5","node8DeploysDisabledAfter":1613390400000,"node8RuntimeDisabledAfter":1615809600000,"node8WarnAfter":1600128000000}
